0 info it worked if it ends with ok
1 verbose cli [ 'C:\\Program Files\\nodejs\\node.exe',
1 verbose cli   'C:\\Program Files\\nodejs\\node_modules\\npm\\bin\\npm-cli.js',
1 verbose cli   'run',
1 verbose cli   'pwa' ]
2 info using npm@3.10.10
3 info using node@v6.11.2
4 verbose run-script [ 'prepwa', 'pwa', 'postpwa' ]
5 info lifecycle noddles-hub@0.0.0~prepwa: noddles-hub@0.0.0
6 silly lifecycle noddles-hub@0.0.0~prepwa: no script for prepwa, continuing
7 info lifecycle noddles-hub@0.0.0~pwa: noddles-hub@0.0.0
8 verbose lifecycle noddles-hub@0.0.0~pwa: unsafe-perm in lifecycle true
9 verbose lifecycle noddles-hub@0.0.0~pwa: PATH: C:\Program Files\nodejs\node_modules\npm\bin\node-gyp-bin;C:\projects\NoddlesHub\node_modules\.bin;C:\WINDOWS\system32;C:\WINDOWS;C:\WINDOWS\System32\Wbem;C:\WINDOWS\System32\WindowsPowerShell\v1.0\;C:\Program Files (x86)\Windows Kits\8.1\Windows Performance Toolkit\;C:\Program Files\Microsoft SQL Server\110\Tools\Binn\;C:\Program Files\MATLAB\R2012a\runtime\win64;C:\Program Files\MATLAB\R2012a\bin;c:\Program Files (x86)\Microsoft SQL Server\110\Tools\Binn\;c:\Program Files\Microsoft SQL Server\110\DTS\Binn\;C:\Program Files (x86)\Microsoft SQL Server\80\Tools\Binn\;C:\Program Files (x86)\Common Files\AspenTech Shared\;C:\Program Files\nodejs\;C:\Program Files\Git\cmd;C:\mongodb\bin;C:\Users\ADETULA\AppData\Roaming\npm;AspenTech\Aspen Hydraulics;C:\Program Files\Heroku\bin;C:\Program Files\Microsoft VS Code\bin
10 verbose lifecycle noddles-hub@0.0.0~pwa: CWD: C:\projects\NoddlesHub
11 silly lifecycle noddles-hub@0.0.0~pwa: Args: [ '/d /s /c',
11 silly lifecycle   'ng build --prod --aot && sw-precache --root=dist --config=precache-config.js && ng build --prod --app universal --output-hashing=none  && ts-node server && ng build --prod --app 1 --output-hashing=false && cpy ./server.js ./dist' ]
12 silly lifecycle noddles-hub@0.0.0~pwa: Returned: code: 1  signal: null
13 info lifecycle noddles-hub@0.0.0~pwa: Failed to exec pwa script
14 verbose stack Error: noddles-hub@0.0.0 pwa: `ng build --prod --aot && sw-precache --root=dist --config=precache-config.js && ng build --prod --app universal --output-hashing=none  && ts-node server && ng build --prod --app 1 --output-hashing=false && cpy ./server.js ./dist`
14 verbose stack Exit status 1
14 verbose stack     at EventEmitter.<anonymous> (C:\Program Files\nodejs\node_modules\npm\lib\utils\lifecycle.js:255:16)
14 verbose stack     at emitTwo (events.js:106:13)
14 verbose stack     at EventEmitter.emit (events.js:191:7)
14 verbose stack     at ChildProcess.<anonymous> (C:\Program Files\nodejs\node_modules\npm\lib\utils\spawn.js:40:14)
14 verbose stack     at emitTwo (events.js:106:13)
14 verbose stack     at ChildProcess.emit (events.js:191:7)
14 verbose stack     at maybeClose (internal/child_process.js:891:16)
14 verbose stack     at Process.ChildProcess._handle.onexit (internal/child_process.js:226:5)
15 verbose pkgid noddles-hub@0.0.0
16 verbose cwd C:\projects\NoddlesHub
17 error Windows_NT 10.0.10240
18 error argv "C:\\Program Files\\nodejs\\node.exe" "C:\\Program Files\\nodejs\\node_modules\\npm\\bin\\npm-cli.js" "run" "pwa"
19 error node v6.11.2
20 error npm  v3.10.10
21 error code ELIFECYCLE
22 error noddles-hub@0.0.0 pwa: `ng build --prod --aot && sw-precache --root=dist --config=precache-config.js && ng build --prod --app universal --output-hashing=none  && ts-node server && ng build --prod --app 1 --output-hashing=false && cpy ./server.js ./dist`
22 error Exit status 1
23 error Failed at the noddles-hub@0.0.0 pwa script 'ng build --prod --aot && sw-precache --root=dist --config=precache-config.js && ng build --prod --app universal --output-hashing=none  && ts-node server && ng build --prod --app 1 --output-hashing=false && cpy ./server.js ./dist'.
23 error Make sure you have the latest version of node.js and npm installed.
23 error If you do, this is most likely a problem with the noddles-hub package,
23 error not with npm itself.
23 error Tell the author that this fails on your system:
23 error     ng build --prod --aot && sw-precache --root=dist --config=precache-config.js && ng build --prod --app universal --output-hashing=none  && ts-node server && ng build --prod --app 1 --output-hashing=false && cpy ./server.js ./dist
23 error You can get information on how to open an issue for this project with:
23 error     npm bugs noddles-hub
23 error Or if that isn't available, you can get their info via:
23 error     npm owner ls noddles-hub
23 error There is likely additional logging output above.
24 verbose exit [ 1, true ]
